TN:verilator_coverage
SF:/home/arjun/obi2wb/rtl/obi2wb.sv
DA:5,1114
DA:6,1
DA:9,212
DA:10,212
DA:11,777015124
DA:12,1862361719
DA:13,23857
DA:14,1
DA:16,1701670760
DA:17,23907
DA:20,82
DA:21,0
DA:22,82
DA:23,25207
DA:24,1
DA:25,788686337
DA:27,1701670760
DA:28,23907
DA:29,82
DA:33,82
DA:35,25207
DA:36,1
DA:37,788686337
DA:38,1701670760
DA:40,23907
DA:42,82
DA:43,0
DA:45,82
DA:46,0
DA:51,557
DA:52,25207
DA:53,845767279
DA:54,845767279
DA:55,845767279
DA:56,845767279
DA:57,845767279
DA:58,845767279
DA:59,845767279
DA:60,845767279
DA:61,845767279
DA:62,845767279
DA:63,25207
DA:65,25207
DA:67,25207
DA:68,25207
DA:71,106
DA:72,106
DA:73,106
DA:74,106
DA:75,106
DA:76,106
DA:77,106
DA:81,10
DA:82,10
DA:83,23907
DA:84,2250517904
DA:87,777015124
DA:88,0
DA:89,0
DA:90,0
DA:99,3202366256
DA:100,3202366256
DA:102,3202366256
DA:104,33
DA:105,0
DA:106,0
DA:109,32474
DA:110,0
DA:111,0
end_of_record
