TN:verilator_coverage
SF:/home/arjun/obi2wb/rtl/obi2wb.sv
DA:5,86
DA:6,1
DA:9,8
DA:10,8
DA:11,777015124
DA:12,1862361719
DA:13,23857
DA:14,1
DA:15,1701670760
DA:16,24862
DA:19,82
DA:20,0
DA:21,82
DA:22,25207
DA:23,1
DA:24,788686337
DA:25,1701670760
DA:26,24862
DA:27,82
DA:36,82
DA:39,25207
DA:40,1
DA:41,788686337
DA:42,1701670760
DA:45,24862
DA:48,82
DA:51,0
DA:56,0
DA:57,82
DA:72,845767279
DA:73,845767279
DA:76,845767279
DA:77,845767279
DA:80,845767279
DA:81,845767279
DA:82,845767279
DA:83,845767279
DA:85,845767279
DA:86,24862
DA:87,12
DA:89,12
DA:90,12
DA:93,12
DA:94,12
DA:95,12
DA:96,12
DA:100,12
DA:101,0
DA:103,12
DA:107,777015124
DA:109,777015124
DA:110,777015124
DA:113,777015124
DA:114,777015124
DA:115,777015124
DA:116,777015124
DA:118,10
DA:119,10
DA:120,10
DA:139,3872686896
DA:140,0
DA:141,33
DA:142,33
DA:143,33
DA:144,33
DA:145,33
DA:146,33
DA:147,33
DA:148,33
DA:149,0
DA:150,0
DA:153,0
DA:156,34
DA:157,25207
DA:158,25207
DA:159,25207
DA:160,25207
DA:161,25207
DA:165,0
DA:166,0
DA:167,0
DA:168,0
end_of_record
