TN:verilator_coverage
SF:/home/hanumavva/Hanumavva/spi/rtl/prim_fifo_sync.sv
DA:18,26523
DA:19,3
DA:21,0
DA:23,974
DA:24,13
DA:25,2205
DA:27,79
DA:28,560
DA:29,1114
DA:31,8
DA:32,1311
DA:33,0
DA:68,26526
DA:69,62
DA:70,31
DA:71,4
DA:72,2
DA:122,26524
DA:123,882
DA:124,441
end_of_record
SF:/home/hanumavva/Hanumavva/spi/rtl/prim_fifo_sync_cnt.sv
DA:19,26523
DA:20,3
DA:21,0
DA:22,884
DA:23,560
DA:25,874
DA:26,553
DA:27,8
DA:28,80
DA:31,1311
DA:32,0
DA:37,3
DA:38,3
DA:45,2
DA:50,2
DA:112,26526
DA:113,62
DA:114,31
DA:115,0
DA:116,0
DA:117,4
DA:118,2
DA:119,878
DA:120,439
DA:124,26526
DA:125,62
DA:126,31
DA:127,0
DA:128,0
DA:129,2
DA:130,1
DA:131,558
DA:132,279
end_of_record
SF:/home/hanumavva/Hanumavva/spi/rtl/spi_host.sv
DA:19,26523
DA:21,3
DA:23,1236
DA:25,1301
DA:27,4480
DA:29,79
DA:31,1114
DA:33,8188
DA:35,559
DA:57,12404
DA:59,1
DA:61,6163
DA:63,12404
DA:65,6242
DA:67,6162
DA:91,1682
DA:99,3926
DA:101,6070
DA:103,8188
DA:111,562
DA:121,26526
DA:123,62
DA:125,31
DA:127,31
DA:131,1734
DA:133,867
DA:135,867
DA:139,6202
DA:141,6163
DA:143,6163
DA:147,6202
DA:149,6202
DA:225,26526
DA:227,62
DA:229,31
DA:231,31
DA:233,31
DA:235,31
DA:245,6240
DA:247,880
DA:249,2240
DA:251,2240
DA:263,6162
DA:265,3081
DA:273,562
DA:275,0
DA:277,281
DA:287,562
DA:289,281
DA:291,281
DA:293,281
DA:303,4480
DA:305,2240
DA:307,2240
DA:309,560
DA:311,280
DA:315,1960
DA:317,1960
DA:327,558
DA:329,279
end_of_record
SF:/home/hanumavva/Hanumavva/spi/rtl/spi_top.sv
DA:14,26523
DA:15,3
DA:17,1442
DA:18,305
DA:19,1324
DA:20,4
DA:21,2205
DA:22,1442
DA:23,78
DA:25,1236
DA:26,1301
DA:27,4480
DA:29,8188
DA:35,305
DA:38,118
DA:41,559
DA:43,974
DA:44,79
DA:45,1114
DA:46,8
DA:47,1311
DA:49,26526
DA:50,62
DA:51,31
DA:52,31
DA:53,13232
DA:54,13232
DA:55,13232
DA:72,26526
DA:73,62
DA:74,31
DA:75,13232
DA:76,13232
DA:124,3
end_of_record
