TN:verilator_coverage
SF:../rtl/boot_rom.sv
DA:5,500
BRDA:5,0,0,500
BRDA:5,0,1,499
DA:6,171
BRDA:6,0,0,156
BRDA:6,0,1,155
BRDA:6,0,2,158
BRDA:6,0,3,157
BRDA:6,0,4,164
BRDA:6,0,5,163
BRDA:6,0,6,156
BRDA:6,0,7,155
BRDA:6,0,8,167
BRDA:6,0,9,166
BRDA:6,0,10,136
BRDA:6,0,11,135
BRDA:6,0,12,171
BRDA:6,0,13,170
BRDA:6,0,14,133
BRDA:6,0,15,132
BRDA:6,0,16,133
BRDA:6,0,17,133
BRDA:6,0,18,126
BRDA:6,0,19,125
DA:7,121
BRDA:7,0,0,120
BRDA:7,0,1,120
BRDA:7,0,2,0
BRDA:7,0,3,0
BRDA:7,0,4,0
BRDA:7,0,5,0
BRDA:7,0,6,0
BRDA:7,0,7,0
BRDA:7,0,8,0
BRDA:7,0,9,0
BRDA:7,0,10,0
BRDA:7,0,11,0
BRDA:7,0,12,0
BRDA:7,0,13,0
BRDA:7,0,14,0
BRDA:7,0,15,0
BRDA:7,0,16,0
BRDA:7,0,17,0
BRDA:7,0,18,0
BRDA:7,0,19,0
BRDA:7,0,20,0
BRDA:7,0,21,0
BRDA:7,0,22,109
BRDA:7,0,23,109
BRDA:7,0,24,0
BRDA:7,0,25,0
BRDA:7,0,26,0
BRDA:7,0,27,0
BRDA:7,0,28,0
BRDA:7,0,29,0
BRDA:7,0,30,0
BRDA:7,0,31,0
BRDA:7,0,32,0
BRDA:7,0,33,0
BRDA:7,0,34,0
BRDA:7,0,35,0
BRDA:7,0,36,0
BRDA:7,0,37,0
BRDA:7,0,38,0
BRDA:7,0,39,0
BRDA:7,0,40,0
BRDA:7,0,41,0
BRDA:7,0,42,0
BRDA:7,0,43,0
BRDA:7,0,44,95
BRDA:7,0,45,95
BRDA:7,0,46,0
BRDA:7,0,47,0
BRDA:7,0,48,0
BRDA:7,0,49,0
BRDA:7,0,50,0
BRDA:7,0,51,0
BRDA:7,0,52,121
BRDA:7,0,53,121
BRDA:7,0,54,96
BRDA:7,0,55,96
BRDA:7,0,56,1
BRDA:7,0,57,1
BRDA:7,0,58,108
BRDA:7,0,59,108
BRDA:7,0,60,0
BRDA:7,0,61,0
BRDA:7,0,62,0
BRDA:7,0,63,0
DA:12,1
DA:13,1
DA:16,500
DA:17,500
BRF:86
BRH:34
end_of_record
