TN:verilator_coverage
SF:../rtl/system/uart.sv
DA:14,703833
DA:15,2
DA:17,148
DA:18,0
DA:19,6
DA:20,0
DA:21,0
DA:22,148
DA:23,0
DA:25,407
DA:26,46
DA:27,21
DA:42,0
DA:43,148
DA:45,0
DA:47,1624
DA:48,1620
DA:50,144
DA:51,144
DA:52,68
DA:53,408
DA:54,144
DA:56,144
DA:57,142
DA:58,18
DA:59,46
DA:60,47
DA:62,1622
DA:63,1620
DA:65,6
DA:67,6
DA:68,6
DA:69,2
DA:70,6
DA:72,6
DA:73,2
DA:74,2
DA:75,0
DA:79,1
DA:80,1
DA:81,1
DA:82,1
DA:84,148
DA:85,148
DA:87,6
DA:88,142
DA:89,142
DA:90,142
DA:91,142
DA:93,0
DA:94,0
DA:96,0
DA:97,0
DA:99,0
DA:100,0
DA:107,351918
DA:108,41
DA:109,41
DA:110,41
DA:111,351877
DA:112,351877
DA:113,351877
DA:155,351918
DA:156,41
DA:157,41
DA:158,351877
DA:159,351877
DA:165,351918
DA:166,41
DA:167,41
DA:168,351877
DA:169,351877
DA:173,351918
DA:174,41
DA:175,41
DA:176,41
DA:177,41
DA:179,882
DA:180,882
DA:181,882
DA:182,882
DA:186,1
DA:187,1
DA:188,1
DA:189,1
DA:190,1
DA:192,1
DA:193,55063
DA:195,72
DA:196,72
DA:199,15624
DA:200,15624
DA:201,15624
DA:203,15624
DA:204,15624
DA:205,0
DA:206,0
DA:209,249984
DA:210,249984
DA:212,31248
DA:213,31248
DA:214,218736
DA:215,218736
DA:218,31248
DA:219,13671
DA:220,17577
DA:222,31248
DA:257,351918
DA:258,41
DA:259,41
DA:260,351877
DA:261,351877
DA:265,351918
DA:266,41
DA:267,41
DA:268,41
DA:269,41
DA:270,810
DA:271,810
DA:272,810
DA:273,810
DA:277,1
DA:278,1
DA:279,1
DA:280,1
DA:281,1
DA:282,1
DA:284,1
DA:285,338899
DA:286,338899
DA:288,431
DA:289,431
DA:292,1302
DA:293,1302
DA:294,1302
DA:295,1302
DA:296,1302
DA:297,1302
DA:299,10416
DA:300,10416
DA:302,10416
DA:303,1302
DA:304,1302
DA:305,9114
DA:306,9114
DA:309,1302
DA:310,1302
DA:311,434
DA:312,868
DA:313,434
DA:314,434
DA:321,0
DA:322,0
DA:323,0
end_of_record
SF:../vendor/lowrisc_ip/ip/prim/rtl/prim_fifo_sync.sv
DA:18,1407666
DA:19,4
DA:21,0
DA:23,150
DA:24,8
DA:25,70
DA:27,48
DA:28,148
DA:29,20
DA:31,0
DA:32,0
DA:33,0
DA:68,703836
DA:69,82
DA:70,82
DA:71,2
DA:72,2
DA:122,703834
DA:123,75
DA:124,75
end_of_record
SF:../vendor/lowrisc_ip/ip/prim/rtl/prim_fifo_sync_cnt.sv
DA:19,1407666
DA:20,4
DA:21,0
DA:22,150
DA:23,148
DA:25,2
DA:26,2
DA:27,0
DA:28,50
DA:31,0
DA:32,0
DA:37,2
DA:38,2
DA:45,0
DA:50,0
DA:112,703836
DA:113,82
DA:114,82
DA:115,0
DA:116,0
DA:117,0
DA:118,0
DA:119,75
DA:120,75
DA:124,703836
DA:125,82
DA:126,82
DA:127,0
DA:128,0
DA:129,0
DA:130,0
DA:131,74
DA:132,74
end_of_record
