TN:verilator_coverage
SF:../rtl/boot_rom.sv
DA:5,20000
BRDA:5,0,0,20000
BRDA:5,0,1,19999
DA:6,6680
BRDA:6,0,0,6013
BRDA:6,0,1,6012
BRDA:6,0,2,4987
BRDA:6,0,3,4986
BRDA:6,0,4,6680
BRDA:6,0,5,6679
BRDA:6,0,6,5014
BRDA:6,0,7,5013
BRDA:6,0,8,6617
BRDA:6,0,9,6616
BRDA:6,0,10,5028
BRDA:6,0,11,5027
BRDA:6,0,12,6661
BRDA:6,0,13,6660
BRDA:6,0,14,5005
BRDA:6,0,15,5004
BRDA:6,0,16,5969
BRDA:6,0,17,5969
BRDA:6,0,18,4976
BRDA:6,0,19,4975
DA:7,5250
BRDA:7,0,0,5219
BRDA:7,0,1,5219
BRDA:7,0,2,0
BRDA:7,0,3,0
BRDA:7,0,4,0
BRDA:7,0,5,0
BRDA:7,0,6,0
BRDA:7,0,7,0
BRDA:7,0,8,0
BRDA:7,0,9,0
BRDA:7,0,10,0
BRDA:7,0,11,0
BRDA:7,0,12,0
BRDA:7,0,13,0
BRDA:7,0,14,0
BRDA:7,0,15,0
BRDA:7,0,16,0
BRDA:7,0,17,0
BRDA:7,0,18,0
BRDA:7,0,19,0
BRDA:7,0,20,0
BRDA:7,0,21,0
BRDA:7,0,22,4617
BRDA:7,0,23,4617
BRDA:7,0,24,0
BRDA:7,0,25,0
BRDA:7,0,26,0
BRDA:7,0,27,0
BRDA:7,0,28,0
BRDA:7,0,29,0
BRDA:7,0,30,0
BRDA:7,0,31,0
BRDA:7,0,32,0
BRDA:7,0,33,0
BRDA:7,0,34,0
BRDA:7,0,35,0
BRDA:7,0,36,0
BRDA:7,0,37,0
BRDA:7,0,38,0
BRDA:7,0,39,0
BRDA:7,0,40,0
BRDA:7,0,41,0
BRDA:7,0,42,0
BRDA:7,0,43,0
BRDA:7,0,44,3987
BRDA:7,0,45,3987
BRDA:7,0,46,0
BRDA:7,0,47,0
BRDA:7,0,48,0
BRDA:7,0,49,0
BRDA:7,0,50,3
BRDA:7,0,51,3
BRDA:7,0,52,5250
BRDA:7,0,53,5250
BRDA:7,0,54,3974
BRDA:7,0,55,3974
BRDA:7,0,56,56
BRDA:7,0,57,56
BRDA:7,0,58,4647
BRDA:7,0,59,4647
BRDA:7,0,60,0
BRDA:7,0,61,0
BRDA:7,0,62,0
BRDA:7,0,63,0
DA:12,1
DA:13,1
DA:16,20000
DA:17,20000
BRF:86
BRH:36
end_of_record
