TN:verilator_coverage
SF:../rtl/boot_rom.sv
DA:5,21524
BRDA:5,0,0,21524
BRDA:5,0,1,21521
DA:6,6972
BRDA:6,0,0,6681
BRDA:6,0,1,6678
BRDA:6,0,2,5401
BRDA:6,0,3,5398
BRDA:6,0,4,6972
BRDA:6,0,5,6969
BRDA:6,0,6,5234
BRDA:6,0,7,5231
BRDA:6,0,8,6816
BRDA:6,0,9,6813
BRDA:6,0,10,5180
BRDA:6,0,11,5177
BRDA:6,0,12,6840
BRDA:6,0,13,6837
BRDA:6,0,14,5142
BRDA:6,0,15,5139
BRDA:6,0,16,6104
BRDA:6,0,17,6103
BRDA:6,0,18,5103
BRDA:6,0,19,5100
DA:7,5388
BRDA:7,0,0,5362
BRDA:7,0,1,5362
BRDA:7,0,2,0
BRDA:7,0,3,0
BRDA:7,0,4,0
BRDA:7,0,5,0
BRDA:7,0,6,0
BRDA:7,0,7,0
BRDA:7,0,8,0
BRDA:7,0,9,0
BRDA:7,0,10,0
BRDA:7,0,11,0
BRDA:7,0,12,0
BRDA:7,0,13,0
BRDA:7,0,14,0
BRDA:7,0,15,0
BRDA:7,0,16,0
BRDA:7,0,17,0
BRDA:7,0,18,0
BRDA:7,0,19,0
BRDA:7,0,20,0
BRDA:7,0,21,0
BRDA:7,0,22,4745
BRDA:7,0,23,4745
BRDA:7,0,24,0
BRDA:7,0,25,0
BRDA:7,0,26,0
BRDA:7,0,27,0
BRDA:7,0,28,0
BRDA:7,0,29,0
BRDA:7,0,30,0
BRDA:7,0,31,0
BRDA:7,0,32,0
BRDA:7,0,33,0
BRDA:7,0,34,0
BRDA:7,0,35,0
BRDA:7,0,36,0
BRDA:7,0,37,0
BRDA:7,0,38,0
BRDA:7,0,39,0
BRDA:7,0,40,0
BRDA:7,0,41,0
BRDA:7,0,42,0
BRDA:7,0,43,0
BRDA:7,0,44,4093
BRDA:7,0,45,4093
BRDA:7,0,46,0
BRDA:7,0,47,0
BRDA:7,0,48,0
BRDA:7,0,49,0
BRDA:7,0,50,4
BRDA:7,0,51,4
BRDA:7,0,52,5388
BRDA:7,0,53,5388
BRDA:7,0,54,4087
BRDA:7,0,55,4087
BRDA:7,0,56,68
BRDA:7,0,57,68
BRDA:7,0,58,4769
BRDA:7,0,59,4769
BRDA:7,0,60,0
BRDA:7,0,61,0
BRDA:7,0,62,0
BRDA:7,0,63,0
DA:12,3
DA:13,3
DA:16,21524
DA:17,21524
BRF:86
BRH:36
end_of_record
