TN:verilator_coverage
SF:/home/shrinidhi/IBEX/I2C/rtl/i2c_master_bit_ctrl.v
DA:131,1600336489
DA:132,2002739831
DA:133,777015124
DA:134,0
DA:136,19083967877
DA:138,2533074958
DA:139,1266513824
DA:141,0
DA:143,33
DA:146,23799
DA:147,23799
DA:151,0
DA:152,1
DA:153,40200033
DA:155,1266513248
DA:156,1
DA:157,18
DA:165,5
DA:166,23799
DA:167,1266886880
DA:168,23799
DA:169,1266514224
DA:171,4452425905
DA:179,263248
DA:180,131624
DA:186,4005479662
DA:187,3200672978
DA:188,1600336489
DA:189,1600336489
DA:190,1600336489
DA:192,1554030248
DA:193,777015124
DA:194,777015124
DA:195,777015124
DA:197,0
DA:198,0
DA:199,792932937
DA:200,792932937
DA:201,792932937
DA:204,0
DA:205,0
DA:206,0
DA:209,0
DA:210,0
DA:211,0
DA:216,1879077477
DA:217,7497072
DA:218,129
DA:222,3838895710
DA:223,3403341520
DA:224,1701670760
DA:225,1701670760
DA:226,1701670760
DA:228,1701670760
DA:229,1701670760
DA:231,0
DA:232,0
DA:233,0
DA:234,0
DA:236,0
DA:237,0
DA:240,788686337
DA:241,788686337
DA:242,788686337
DA:244,788686337
DA:245,788686337
DA:250,1585865874
DA:251,1588628100
DA:252,794314050
DA:253,794314050
DA:254,794314050
DA:256,1227843944
DA:257,1684631145
DA:258,1684631145
DA:259,1684631145
DA:262,1227843944
DA:263,1227843944
DA:264,1227843944
DA:268,3772826340
DA:269,4005479662
DA:270,2002739831
DA:271,1591273700
DA:272,795636850
DA:274,1600336489
DA:280,1982755429
DA:281,3739795180
DA:282,80400066
DA:283,40200033
DA:284,3758252134
DA:285,1879126067
DA:286,40763697
DA:287,839019521
DA:289,3770868974
DA:290,3200577214
DA:291,1600288607
DA:292,1664248111
DA:293,1701603175
DA:295,1664248111
DA:299,3371089606
DA:300,48548576
DA:301,24274288
DA:325,4941946764
DA:327,3403341520
DA:328,1577372674
DA:329,788686337
DA:330,788686337
DA:331,788686337
DA:332,788686337
DA:333,788686337
DA:334,788686337
DA:336,0
DA:337,145
DA:338,145
DA:339,145
DA:340,145
DA:341,145
DA:342,145
DA:345,0
DA:346,0
DA:348,7497072
DA:349,1879077477
DA:351,3758252134
DA:352,1879126067
DA:353,1879126067
DA:354,47598
DA:355,23799
DA:357,210
DA:358,105
DA:360,0
DA:361,0
DA:363,210
DA:364,105
DA:366,0
DA:367,0
DA:370,1879126067
DA:371,1879126067
DA:372,1879126067
DA:376,80400066
DA:377,40200033
DA:378,40200033
DA:379,40200033
DA:380,40200033
DA:381,40200033
DA:384,2533028672
DA:385,1266514336
DA:386,1266514336
DA:387,1266514336
DA:388,1266514336
DA:389,1266514336
DA:392,47598
DA:393,23799
DA:394,23799
DA:395,23799
DA:396,23799
DA:397,23799
DA:400,36
DA:401,18
DA:402,18
DA:403,18
DA:404,18
DA:405,18
DA:408,0
DA:409,0
DA:410,0
DA:411,0
DA:412,0
DA:413,0
DA:414,0
DA:418,36
DA:419,18
DA:420,18
DA:421,18
DA:422,18
DA:423,18
DA:426,0
DA:427,0
DA:428,0
DA:429,0
DA:430,0
DA:431,0
DA:434,6
DA:435,3
DA:436,3
DA:437,3
DA:438,3
DA:439,3
DA:442,6
DA:443,3
DA:444,3
DA:445,3
DA:446,3
DA:447,3
DA:448,3
DA:452,1591273700
DA:453,795636850
DA:454,795636850
DA:455,795636850
DA:456,795636850
DA:457,795636850
DA:460,0
DA:461,0
DA:462,0
DA:463,0
DA:464,0
DA:465,0
DA:468,66
DA:469,33
DA:470,33
DA:471,33
DA:472,33
DA:473,33
DA:476,0
DA:477,0
DA:478,0
DA:479,0
DA:480,0
DA:481,0
DA:482,0
DA:486,1554030248
DA:487,777015124
DA:488,777015124
DA:489,777015124
DA:490,777015124
DA:491,777015124
DA:494,3200672978
DA:495,1600336489
DA:496,1600336489
DA:497,1600336489
DA:498,1600336489
DA:499,1600336489
DA:502,4005479662
DA:503,2002739831
DA:504,2002739831
DA:505,2002739831
DA:506,2002739831
DA:507,2002739831
DA:510,3772826340
DA:511,1886413170
DA:512,1886413170
DA:513,1886413170
DA:514,1886413170
DA:515,1886413170
DA:516,1886413170
end_of_record
SF:/home/shrinidhi/IBEX/I2C/rtl/i2c_master_byte_ctrl.v
DA:75,1600336489
DA:76,2002739831
DA:77,777015124
DA:78,0
DA:80,19083967877
DA:83,24274288
DA:84,845742703
DA:85,1685544803
DA:86,1600222305
DA:87,942824303
DA:88,10231802391
DA:91,18
DA:93,0
DA:95,0
DA:96,33
DA:97,338
DA:100,0
DA:101,1879126067
DA:102,40200033
DA:103,1266513248
DA:104,23799
DA:105,18
DA:121,2533074958
DA:122,23799
DA:123,23799
DA:126,338
DA:127,0
DA:130,105
DA:131,1919326100
DA:132,1266513792
DA:166,263248
DA:167,0
DA:168,0
DA:169,36
DA:170,18
DA:171,0
DA:172,0
DA:173,18
DA:174,23799
DA:177,1554030248
DA:178,0
DA:179,0
DA:180,66
DA:181,33
DA:182,0
DA:183,0
DA:184,160
DA:185,80
DA:192,7376064039
DA:194,0
DA:195,226
DA:196,113
DA:197,113
DA:198,113
DA:199,113
DA:200,113
DA:201,113
DA:202,113
DA:203,113
DA:205,4
DA:206,2
DA:207,2
DA:208,2
DA:209,2
DA:210,2
DA:211,2
DA:212,2
DA:213,2
DA:216,131612
DA:218,131612
DA:219,131612
DA:220,131612
DA:221,131612
DA:223,131612
DA:224,2455687888
DA:225,1684631145
DA:226,1919447855
DA:227,3403341520
DA:228,1701670760
DA:229,1701670760
DA:230,1701670760
DA:232,1577372674
DA:233,788686337
DA:234,788686337
DA:235,788686337
DA:237,0
DA:238,129
DA:239,129
DA:240,129
DA:243,0
DA:244,0
DA:245,0
DA:248,0
DA:251,1919447855
DA:254,4005479662
DA:255,1591273700
DA:256,795636850
DA:257,792932937
DA:258,794314050
DA:259,794314050
DA:260,794314050
DA:263,792932937
DA:264,792932937
DA:265,792932937
DA:268,795636850
DA:271,3758252134
DA:272,40763697
DA:273,1982755429
DA:274,1886413170
DA:275,1886413170
DA:276,1886413170
DA:279,1982755429
DA:280,1982755429
DA:281,1982755429
DA:282,1982755429
DA:285,3200577214
DA:286,1664248111
DA:287,1701603175
DA:288,80400066
DA:289,40200033
DA:290,40200033
DA:291,40200033
DA:294,1869897590
DA:295,1869897590
DA:296,1869897590
DA:299,1701603175
DA:300,1701603175
DA:303,3200444610
DA:304,1685544803
DA:305,845742703
DA:306,24274288
DA:307,1885434487
DA:308,1885434487
DA:309,1885434487
DA:312,24274288
DA:313,24274288
DA:314,24274288
DA:317,24274288
DA:321,845742703
DA:326,845742703
DA:329,1685544803
DA:331,7608
DA:332,93
DA:333,959601519
DA:334,959601519
DA:335,959601519
DA:338,959601519
end_of_record
SF:/home/shrinidhi/IBEX/I2C/rtl/i2c_master_top.v
DA:91,1600336489
DA:92,2002739831
DA:93,1600336489
DA:94,2758909285
DA:95,3185862998
DA:96,1684631224
DA:97,1982755429
DA:98,1886413170
DA:99,1886413170
DA:100,777015124
DA:101,0
DA:109,0
DA:110,1879126067
DA:111,40200033
DA:114,1266513248
DA:115,23799
DA:116,18
DA:124,19083967877
DA:125,10239778682
DA:126,10231802391
DA:127,338
DA:128,2533074830
DA:129,3185863629
DA:132,18
DA:135,0
DA:136,18
DA:139,0
DA:140,2
DA:141,29
DA:142,1227843944
DA:143,0
DA:144,33
DA:145,0
DA:152,777015124
DA:155,1600336489
DA:158,4005479662
DA:159,2002739831
DA:162,3403341520
DA:163,1701670760
DA:164,1701670760
DA:165,3772826340
DA:166,3758154954
DA:167,14994144
DA:168,258
DA:169,0
DA:170,1577372674
DA:175,3965510858
DA:176,3772826340
DA:177,1886413170
DA:178,1886413170
DA:179,1886413170
DA:180,1886413170
DA:182,4005479662
DA:183,2002739831
DA:184,2002739831
DA:185,2002739831
DA:186,2002739831
DA:189,1591273700
DA:190,795636850
DA:191,3838895710
DA:192,3369262290
DA:193,2455687888
DA:194,1588628100
DA:195,1585865874
DA:199,3770868974
DA:200,3200577214
DA:201,1600288607
DA:202,3328496222
DA:203,1664248111
DA:204,1701603175
DA:205,1869897590
DA:206,40763697
DA:207,839019521
DA:210,1701603175
DA:211,40200033
DA:212,1879126067
DA:214,1701603175
DA:215,1701603175
DA:220,24274288
DA:221,845742703
DA:222,1685544803
DA:223,1600222305
DA:224,942824303
DA:225,93
DA:258,226
DA:259,20
DA:260,10
DA:261,10
DA:262,10
DA:263,10
DA:264,10
DA:266,0
DA:267,0
DA:268,0
DA:269,0
DA:270,0
DA:271,0
DA:274,131614
DA:275,131614
DA:276,131614
DA:277,131614
DA:278,131614
DA:282,2533774304
DA:283,10
DA:284,5
DA:285,0
DA:286,0
DA:288,0
end_of_record
SF:/home/shrinidhi/IBEX/I2C/rtl/i2c_wb_wrapper.v
DA:10,263247
DA:11,2
DA:18,85396
DA:19,68
DA:20,85
DA:21,6948024613
DA:22,7472244919
DA:24,839019521
DA:25,20813505035
DA:31,0
DA:32,1879126067
DA:33,40200033
DA:35,1266513248
DA:36,23799
DA:37,18
DA:39,0
DA:46,2758909285
DA:47,3185862998
DA:48,1684631224
DA:50,1982755429
DA:51,1886413170
DA:52,1886413170
DA:54,777015124
DA:56,2002739831
DA:57,1600336489
end_of_record
